2025-10-09 11:24:49,825 - utils.common_function - INFO -Successfully read the yaml file.
2025-10-09 11:24:49,965 - __main__ - INFO -Data Ingestion initialized . Destination :artifacts/raw
2025-10-09 11:24:49,966 - __main__ - INFO -Starting Data Ingestion Process....
2025-10-09 11:24:49,966 - __main__ - INFO -Files to process: ['anime.csv', 'anime_with_synopsis.csv', 'animelist.csv']
2025-10-09 11:24:49,966 - __main__ - DEBUG -Processing file: anime.csv
2025-10-09 11:24:51,120 - __main__ - ERROR -FATAL ERROR: A critical data ingestion failure occurred. Reason: ('Blob anime.csv not found', 'gs://anime_recommendation_system/anime.csv')
2025-10-09 11:24:51,121 - __main__ - INFO -Data Ingestion Process Done.
2025-10-09 11:24:51,122 - __main__ - ERROR -Main execution failed: 'DataIngenstionError' object has no attribute 'source_uri'
2025-10-09 11:40:08,702 - utils.common_function - INFO -Successfully read the yaml file.
2025-10-09 11:40:08,706 - __main__ - INFO -Data Ingestion initialized . Destination :artifacts/raw
2025-10-09 11:40:08,707 - __main__ - INFO -Starting Data Ingestion Process....
2025-10-09 11:40:08,707 - __main__ - INFO -Files to process: ['anime.csv', 'anime_with_synopsis.csv', 'animelist.csv']
2025-10-09 11:40:08,707 - __main__ - DEBUG -Processing file: anime.csv
2025-10-09 11:40:09,305 - __main__ - INFO -Blob metadata reloaded for anime.csv. Size: 5662362 bytes.
2025-10-09 11:40:09,306 - __main__ - INFO -File 'anime.csv' detected with size: 5.40 MB
2025-10-09 11:40:09,306 - __main__ - INFO -Downloading small file:anime.csv.....
2025-10-09 11:40:12,737 - __main__ - INFO -Successfully Downloaded anime.csv to artifacts/raw\anime.csv.
2025-10-09 11:40:12,737 - __main__ - DEBUG -Processing file: anime_with_synopsis.csv
2025-10-09 11:40:12,997 - __main__ - INFO -Blob metadata reloaded for anime_with_synopsis.csv. Size: 7221844 bytes.
2025-10-09 11:40:12,997 - __main__ - INFO -File 'anime_with_synopsis.csv' detected with size: 6.89 MB
2025-10-09 11:40:12,998 - __main__ - INFO -Downloading small file:anime_with_synopsis.csv.....
2025-10-09 11:40:15,444 - __main__ - INFO -Successfully Downloaded anime_with_synopsis.csv to artifacts/raw\anime_with_synopsis.csv.
2025-10-09 11:40:15,444 - __main__ - DEBUG -Processing file: animelist.csv
2025-10-09 11:40:15,916 - __main__ - INFO -Blob metadata reloaded for animelist.csv. Size: 2031058307 bytes.
2025-10-09 11:40:15,917 - __main__ - INFO -File 'animelist.csv' detected with size: 1936.97 MB
2025-10-09 11:40:15,917 - __main__ - INFO -Starting Chunked download for animelist.csv..........
2025-10-09 11:40:15,917 - __main__ - INFO -Starting chunked streaming for large file :animelist.csv........
2025-10-09 11:40:23,238 - __main__ - INFO -Processed chunk 1 with 1000000 rows form animelist.csv.
2025-10-09 11:40:23,711 - __main__ - INFO -Chunk 1 written to local file animelist.csv.
2025-10-09 11:40:23,831 - __main__ - INFO -Processed chunk 2 with 1000000 rows form animelist.csv.
2025-10-09 11:40:24,295 - __main__ - INFO -Chunk 2 written to local file animelist.csv.
2025-10-09 11:40:31,544 - __main__ - INFO -Processed chunk 3 with 1000000 rows form animelist.csv.
2025-10-09 11:40:32,004 - __main__ - INFO -Chunk 3 written to local file animelist.csv.
2025-10-09 11:40:32,119 - __main__ - INFO -Processed chunk 4 with 1000000 rows form animelist.csv.
2025-10-09 11:40:32,583 - __main__ - INFO -Chunk 4 written to local file animelist.csv.
2025-10-09 11:40:39,737 - __main__ - INFO -Processed chunk 5 with 1000000 rows form animelist.csv.
2025-10-09 11:40:40,207 - __main__ - INFO -Chunk 5 written to local file animelist.csv.
2025-10-09 11:40:40,325 - __main__ - INFO -Processed chunk 6 with 1000000 rows form animelist.csv.
2025-10-09 11:40:40,784 - __main__ - INFO -Chunk 6 written to local file animelist.csv.
2025-10-09 11:40:40,898 - __main__ - INFO -Processed chunk 7 with 1000000 rows form animelist.csv.
2025-10-09 11:40:41,360 - __main__ - INFO -Chunk 7 written to local file animelist.csv.
2025-10-09 11:40:48,475 - __main__ - INFO -Processed chunk 8 with 1000000 rows form animelist.csv.
2025-10-09 11:40:48,940 - __main__ - INFO -Chunk 8 written to local file animelist.csv.
2025-10-09 11:40:49,052 - __main__ - INFO -Processed chunk 9 with 1000000 rows form animelist.csv.
2025-10-09 11:40:49,523 - __main__ - INFO -Chunk 9 written to local file animelist.csv.
2025-10-09 11:40:56,722 - __main__ - INFO -Processed chunk 10 with 1000000 rows form animelist.csv.
2025-10-09 11:40:57,187 - __main__ - INFO -Chunk 10 written to local file animelist.csv.
2025-10-09 11:40:57,301 - __main__ - INFO -Processed chunk 11 with 1000000 rows form animelist.csv.
2025-10-09 11:40:57,794 - __main__ - INFO -Chunk 11 written to local file animelist.csv.
2025-10-09 11:41:04,805 - __main__ - INFO -Processed chunk 12 with 1000000 rows form animelist.csv.
2025-10-09 11:41:05,269 - __main__ - INFO -Chunk 12 written to local file animelist.csv.
2025-10-09 11:41:05,383 - __main__ - INFO -Processed chunk 13 with 1000000 rows form animelist.csv.
2025-10-09 11:41:05,855 - __main__ - INFO -Chunk 13 written to local file animelist.csv.
2025-10-09 11:41:05,974 - __main__ - INFO -Processed chunk 14 with 1000000 rows form animelist.csv.
2025-10-09 11:41:06,442 - __main__ - INFO -Chunk 14 written to local file animelist.csv.
2025-10-09 11:41:13,564 - __main__ - INFO -Processed chunk 15 with 1000000 rows form animelist.csv.
2025-10-09 11:41:14,031 - __main__ - INFO -Chunk 15 written to local file animelist.csv.
2025-10-09 11:41:14,149 - __main__ - INFO -Processed chunk 16 with 1000000 rows form animelist.csv.
2025-10-09 11:41:14,615 - __main__ - INFO -Chunk 16 written to local file animelist.csv.
2025-10-09 11:41:22,030 - __main__ - INFO -Processed chunk 17 with 1000000 rows form animelist.csv.
2025-10-09 11:41:22,523 - __main__ - INFO -Chunk 17 written to local file animelist.csv.
2025-10-09 11:41:22,638 - __main__ - INFO -Processed chunk 18 with 1000000 rows form animelist.csv.
2025-10-09 11:41:23,104 - __main__ - INFO -Chunk 18 written to local file animelist.csv.
2025-10-09 11:41:30,236 - __main__ - INFO -Processed chunk 19 with 1000000 rows form animelist.csv.
2025-10-09 11:41:30,707 - __main__ - INFO -Chunk 19 written to local file animelist.csv.
2025-10-09 11:41:30,822 - __main__ - INFO -Processed chunk 20 with 1000000 rows form animelist.csv.
2025-10-09 11:41:31,284 - __main__ - INFO -Chunk 20 written to local file animelist.csv.
2025-10-09 11:41:31,399 - __main__ - INFO -Processed chunk 21 with 1000000 rows form animelist.csv.
2025-10-09 11:41:31,879 - __main__ - INFO -Chunk 21 written to local file animelist.csv.
2025-10-09 11:41:38,871 - __main__ - INFO -Processed chunk 22 with 1000000 rows form animelist.csv.
2025-10-09 11:41:39,334 - __main__ - INFO -Chunk 22 written to local file animelist.csv.
2025-10-09 11:41:39,448 - __main__ - INFO -Processed chunk 23 with 1000000 rows form animelist.csv.
2025-10-09 11:41:39,922 - __main__ - INFO -Chunk 23 written to local file animelist.csv.
2025-10-09 11:41:47,005 - __main__ - INFO -Processed chunk 24 with 1000000 rows form animelist.csv.
2025-10-09 11:41:47,473 - __main__ - INFO -Chunk 24 written to local file animelist.csv.
2025-10-09 11:41:47,586 - __main__ - INFO -Processed chunk 25 with 1000000 rows form animelist.csv.
2025-10-09 11:41:48,056 - __main__ - INFO -Chunk 25 written to local file animelist.csv.
2025-10-09 11:41:55,156 - __main__ - INFO -Processed chunk 26 with 1000000 rows form animelist.csv.
2025-10-09 11:41:55,624 - __main__ - INFO -Chunk 26 written to local file animelist.csv.
2025-10-09 11:41:55,738 - __main__ - INFO -Processed chunk 27 with 1000000 rows form animelist.csv.
2025-10-09 11:41:56,205 - __main__ - INFO -Chunk 27 written to local file animelist.csv.
2025-10-09 11:41:56,319 - __main__ - INFO -Processed chunk 28 with 1000000 rows form animelist.csv.
2025-10-09 11:41:56,790 - __main__ - INFO -Chunk 28 written to local file animelist.csv.
2025-10-09 11:42:03,851 - __main__ - INFO -Processed chunk 29 with 1000000 rows form animelist.csv.
2025-10-09 11:42:04,316 - __main__ - INFO -Chunk 29 written to local file animelist.csv.
2025-10-09 11:42:04,431 - __main__ - INFO -Processed chunk 30 with 1000000 rows form animelist.csv.
2025-10-09 11:42:04,901 - __main__ - INFO -Chunk 30 written to local file animelist.csv.
2025-10-09 11:42:12,078 - __main__ - INFO -Processed chunk 31 with 1000000 rows form animelist.csv.
2025-10-09 11:42:12,544 - __main__ - INFO -Chunk 31 written to local file animelist.csv.
2025-10-09 11:42:12,661 - __main__ - INFO -Processed chunk 32 with 1000000 rows form animelist.csv.
2025-10-09 11:42:13,140 - __main__ - INFO -Chunk 32 written to local file animelist.csv.
2025-10-09 11:42:20,329 - __main__ - INFO -Processed chunk 33 with 1000000 rows form animelist.csv.
2025-10-09 11:42:20,800 - __main__ - INFO -Chunk 33 written to local file animelist.csv.
2025-10-09 11:42:20,918 - __main__ - INFO -Processed chunk 34 with 1000000 rows form animelist.csv.
2025-10-09 11:42:21,395 - __main__ - INFO -Chunk 34 written to local file animelist.csv.
2025-10-09 11:42:21,515 - __main__ - INFO -Processed chunk 35 with 1000000 rows form animelist.csv.
2025-10-09 11:42:21,991 - __main__ - INFO -Chunk 35 written to local file animelist.csv.
2025-10-09 11:42:29,128 - __main__ - INFO -Processed chunk 36 with 1000000 rows form animelist.csv.
2025-10-09 11:42:29,602 - __main__ - INFO -Chunk 36 written to local file animelist.csv.
2025-10-09 11:42:29,718 - __main__ - INFO -Processed chunk 37 with 1000000 rows form animelist.csv.
2025-10-09 11:42:30,190 - __main__ - INFO -Chunk 37 written to local file animelist.csv.
2025-10-09 11:42:37,633 - __main__ - INFO -Processed chunk 38 with 1000000 rows form animelist.csv.
2025-10-09 11:42:38,107 - __main__ - INFO -Chunk 38 written to local file animelist.csv.
2025-10-09 11:42:38,225 - __main__ - INFO -Processed chunk 39 with 1000000 rows form animelist.csv.
2025-10-09 11:42:38,697 - __main__ - INFO -Chunk 39 written to local file animelist.csv.
2025-10-09 11:42:45,826 - __main__ - INFO -Processed chunk 40 with 1000000 rows form animelist.csv.
2025-10-09 11:42:46,299 - __main__ - INFO -Chunk 40 written to local file animelist.csv.
2025-10-09 11:42:46,420 - __main__ - INFO -Processed chunk 41 with 1000000 rows form animelist.csv.
2025-10-09 11:42:46,925 - __main__ - INFO -Chunk 41 written to local file animelist.csv.
2025-10-09 11:42:53,968 - __main__ - INFO -Processed chunk 42 with 1000000 rows form animelist.csv.
2025-10-09 11:42:54,439 - __main__ - INFO -Chunk 42 written to local file animelist.csv.
2025-10-09 11:42:54,557 - __main__ - INFO -Processed chunk 43 with 1000000 rows form animelist.csv.
2025-10-09 11:42:55,034 - __main__ - INFO -Chunk 43 written to local file animelist.csv.
2025-10-09 11:43:02,227 - __main__ - INFO -Processed chunk 44 with 1000000 rows form animelist.csv.
2025-10-09 11:43:02,705 - __main__ - INFO -Chunk 44 written to local file animelist.csv.
2025-10-09 11:43:02,824 - __main__ - INFO -Processed chunk 45 with 1000000 rows form animelist.csv.
2025-10-09 11:43:03,307 - __main__ - INFO -Chunk 45 written to local file animelist.csv.
2025-10-09 11:43:03,424 - __main__ - INFO -Processed chunk 46 with 1000000 rows form animelist.csv.
2025-10-09 11:43:03,900 - __main__ - INFO -Chunk 46 written to local file animelist.csv.
2025-10-09 11:43:11,031 - __main__ - INFO -Processed chunk 47 with 1000000 rows form animelist.csv.
2025-10-09 11:43:11,522 - __main__ - INFO -Chunk 47 written to local file animelist.csv.
2025-10-09 11:43:11,638 - __main__ - INFO -Processed chunk 48 with 1000000 rows form animelist.csv.
2025-10-09 11:43:12,111 - __main__ - INFO -Chunk 48 written to local file animelist.csv.
2025-10-09 11:43:19,144 - __main__ - INFO -Processed chunk 49 with 1000000 rows form animelist.csv.
2025-10-09 11:43:19,618 - __main__ - INFO -Chunk 49 written to local file animelist.csv.
2025-10-09 11:43:19,737 - __main__ - INFO -Processed chunk 50 with 1000000 rows form animelist.csv.
2025-10-09 11:43:20,208 - __main__ - INFO -Chunk 50 written to local file animelist.csv.
2025-10-09 11:43:27,421 - __main__ - INFO -Processed chunk 51 with 1000000 rows form animelist.csv.
2025-10-09 11:43:27,895 - __main__ - INFO -Chunk 51 written to local file animelist.csv.
2025-10-09 11:43:28,014 - __main__ - INFO -Processed chunk 52 with 1000000 rows form animelist.csv.
2025-10-09 11:43:28,488 - __main__ - INFO -Chunk 52 written to local file animelist.csv.
2025-10-09 11:43:35,593 - __main__ - INFO -Processed chunk 53 with 1000000 rows form animelist.csv.
2025-10-09 11:43:36,072 - __main__ - INFO -Chunk 53 written to local file animelist.csv.
2025-10-09 11:43:36,194 - __main__ - INFO -Processed chunk 54 with 1000000 rows form animelist.csv.
2025-10-09 11:43:36,674 - __main__ - INFO -Chunk 54 written to local file animelist.csv.
2025-10-09 11:43:36,796 - __main__ - INFO -Processed chunk 55 with 1000000 rows form animelist.csv.
2025-10-09 11:43:37,321 - __main__ - INFO -Chunk 55 written to local file animelist.csv.
2025-10-09 11:43:44,409 - __main__ - INFO -Processed chunk 56 with 1000000 rows form animelist.csv.
2025-10-09 11:43:44,887 - __main__ - INFO -Chunk 56 written to local file animelist.csv.
2025-10-09 11:43:45,007 - __main__ - INFO -Processed chunk 57 with 1000000 rows form animelist.csv.
2025-10-09 11:43:45,550 - __main__ - INFO -Chunk 57 written to local file animelist.csv.
2025-10-09 11:43:52,670 - __main__ - INFO -Processed chunk 58 with 1000000 rows form animelist.csv.
2025-10-09 11:43:53,146 - __main__ - INFO -Chunk 58 written to local file animelist.csv.
2025-10-09 11:43:53,266 - __main__ - INFO -Processed chunk 59 with 1000000 rows form animelist.csv.
2025-10-09 11:43:53,748 - __main__ - INFO -Chunk 59 written to local file animelist.csv.
2025-10-09 11:44:00,992 - __main__ - INFO -Processed chunk 60 with 1000000 rows form animelist.csv.
2025-10-09 11:44:01,469 - __main__ - INFO -Chunk 60 written to local file animelist.csv.
2025-10-09 11:44:01,588 - __main__ - INFO -Processed chunk 61 with 1000000 rows form animelist.csv.
2025-10-09 11:44:02,066 - __main__ - INFO -Chunk 61 written to local file animelist.csv.
2025-10-09 11:44:09,178 - __main__ - INFO -Processed chunk 62 with 1000000 rows form animelist.csv.
2025-10-09 11:44:09,650 - __main__ - INFO -Chunk 62 written to local file animelist.csv.
2025-10-09 11:44:09,765 - __main__ - INFO -Processed chunk 63 with 1000000 rows form animelist.csv.
2025-10-09 11:44:10,243 - __main__ - INFO -Chunk 63 written to local file animelist.csv.
2025-10-09 11:44:17,295 - __main__ - INFO -Processed chunk 64 with 1000000 rows form animelist.csv.
2025-10-09 11:44:17,781 - __main__ - INFO -Chunk 64 written to local file animelist.csv.
2025-10-09 11:44:17,897 - __main__ - INFO -Processed chunk 65 with 1000000 rows form animelist.csv.
2025-10-09 11:44:18,378 - __main__ - INFO -Chunk 65 written to local file animelist.csv.
2025-10-09 11:44:18,493 - __main__ - INFO -Processed chunk 66 with 1000000 rows form animelist.csv.
2025-10-09 11:44:18,973 - __main__ - INFO -Chunk 66 written to local file animelist.csv.
2025-10-09 11:44:25,073 - __main__ - INFO -Processed chunk 67 with 1000000 rows form animelist.csv.
2025-10-09 11:44:25,550 - __main__ - INFO -Chunk 67 written to local file animelist.csv.
2025-10-09 11:44:25,669 - __main__ - INFO -Processed chunk 68 with 1000000 rows form animelist.csv.
2025-10-09 11:44:26,149 - __main__ - INFO -Chunk 68 written to local file animelist.csv.
2025-10-09 11:44:33,251 - __main__ - INFO -Processed chunk 69 with 1000000 rows form animelist.csv.
2025-10-09 11:44:33,727 - __main__ - INFO -Chunk 69 written to local file animelist.csv.
2025-10-09 11:44:33,845 - __main__ - INFO -Processed chunk 70 with 1000000 rows form animelist.csv.
2025-10-09 11:44:34,323 - __main__ - INFO -Chunk 70 written to local file animelist.csv.
2025-10-09 11:44:41,470 - __main__ - INFO -Processed chunk 71 with 1000000 rows form animelist.csv.
2025-10-09 11:44:41,948 - __main__ - INFO -Chunk 71 written to local file animelist.csv.
2025-10-09 11:44:42,066 - __main__ - INFO -Processed chunk 72 with 1000000 rows form animelist.csv.
2025-10-09 11:44:42,546 - __main__ - INFO -Chunk 72 written to local file animelist.csv.
2025-10-09 11:44:49,644 - __main__ - INFO -Processed chunk 73 with 1000000 rows form animelist.csv.
2025-10-09 11:44:50,137 - __main__ - INFO -Chunk 73 written to local file animelist.csv.
2025-10-09 11:44:50,252 - __main__ - INFO -Processed chunk 74 with 1000000 rows form animelist.csv.
2025-10-09 11:44:50,729 - __main__ - INFO -Chunk 74 written to local file animelist.csv.
2025-10-09 11:44:50,845 - __main__ - INFO -Processed chunk 75 with 1000000 rows form animelist.csv.
2025-10-09 11:44:51,330 - __main__ - INFO -Chunk 75 written to local file animelist.csv.
2025-10-09 11:44:58,511 - __main__ - INFO -Processed chunk 76 with 1000000 rows form animelist.csv.
2025-10-09 11:44:59,072 - __main__ - INFO -Chunk 76 written to local file animelist.csv.
2025-10-09 11:44:59,188 - __main__ - INFO -Processed chunk 77 with 1000000 rows form animelist.csv.
2025-10-09 11:44:59,665 - __main__ - INFO -Chunk 77 written to local file animelist.csv.
2025-10-09 11:45:06,681 - __main__ - INFO -Processed chunk 78 with 1000000 rows form animelist.csv.
2025-10-09 11:45:07,220 - __main__ - INFO -Chunk 78 written to local file animelist.csv.
2025-10-09 11:45:07,341 - __main__ - INFO -Processed chunk 79 with 1000000 rows form animelist.csv.
2025-10-09 11:45:07,852 - __main__ - INFO -Chunk 79 written to local file animelist.csv.
2025-10-09 11:45:13,983 - __main__ - INFO -Processed chunk 80 with 1000000 rows form animelist.csv.
2025-10-09 11:45:14,474 - __main__ - INFO -Chunk 80 written to local file animelist.csv.
2025-10-09 11:45:14,590 - __main__ - INFO -Processed chunk 81 with 1000000 rows form animelist.csv.
2025-10-09 11:45:15,095 - __main__ - INFO -Chunk 81 written to local file animelist.csv.
2025-10-09 11:45:22,240 - __main__ - INFO -Processed chunk 82 with 1000000 rows form animelist.csv.
2025-10-09 11:45:22,759 - __main__ - INFO -Chunk 82 written to local file animelist.csv.
2025-10-09 11:45:22,881 - __main__ - INFO -Processed chunk 83 with 1000000 rows form animelist.csv.
2025-10-09 11:45:23,367 - __main__ - INFO -Chunk 83 written to local file animelist.csv.
2025-10-09 11:45:30,464 - __main__ - INFO -Processed chunk 84 with 1000000 rows form animelist.csv.
2025-10-09 11:45:30,962 - __main__ - INFO -Chunk 84 written to local file animelist.csv.
2025-10-09 11:45:31,082 - __main__ - INFO -Processed chunk 85 with 1000000 rows form animelist.csv.
2025-10-09 11:45:31,592 - __main__ - INFO -Chunk 85 written to local file animelist.csv.
2025-10-09 11:45:31,708 - __main__ - INFO -Processed chunk 86 with 1000000 rows form animelist.csv.
2025-10-09 11:45:32,204 - __main__ - INFO -Chunk 86 written to local file animelist.csv.
2025-10-09 11:45:39,409 - __main__ - INFO -Processed chunk 87 with 1000000 rows form animelist.csv.
2025-10-09 11:45:39,983 - __main__ - INFO -Chunk 87 written to local file animelist.csv.
2025-10-09 11:45:40,101 - __main__ - INFO -Processed chunk 88 with 1000000 rows form animelist.csv.
2025-10-09 11:45:40,579 - __main__ - INFO -Chunk 88 written to local file animelist.csv.
2025-10-09 11:45:47,627 - __main__ - INFO -Processed chunk 89 with 1000000 rows form animelist.csv.
2025-10-09 11:45:48,151 - __main__ - INFO -Chunk 89 written to local file animelist.csv.
2025-10-09 11:45:48,271 - __main__ - INFO -Processed chunk 90 with 1000000 rows form animelist.csv.
2025-10-09 11:45:48,766 - __main__ - INFO -Chunk 90 written to local file animelist.csv.
2025-10-09 11:45:55,886 - __main__ - INFO -Processed chunk 91 with 1000000 rows form animelist.csv.
2025-10-09 11:45:56,364 - __main__ - INFO -Chunk 91 written to local file animelist.csv.
2025-10-09 11:45:56,480 - __main__ - INFO -Processed chunk 92 with 1000000 rows form animelist.csv.
2025-10-09 11:45:56,957 - __main__ - INFO -Chunk 92 written to local file animelist.csv.
2025-10-09 11:46:04,060 - __main__ - INFO -Processed chunk 93 with 1000000 rows form animelist.csv.
2025-10-09 11:46:04,533 - __main__ - INFO -Chunk 93 written to local file animelist.csv.
2025-10-09 11:46:04,648 - __main__ - INFO -Processed chunk 94 with 1000000 rows form animelist.csv.
2025-10-09 11:46:05,122 - __main__ - INFO -Chunk 94 written to local file animelist.csv.
2025-10-09 11:46:11,264 - __main__ - INFO -Processed chunk 95 with 1000000 rows form animelist.csv.
2025-10-09 11:46:11,736 - __main__ - INFO -Chunk 95 written to local file animelist.csv.
2025-10-09 11:46:11,850 - __main__ - INFO -Processed chunk 96 with 1000000 rows form animelist.csv.
2025-10-09 11:46:12,323 - __main__ - INFO -Chunk 96 written to local file animelist.csv.
2025-10-09 11:46:12,440 - __main__ - INFO -Processed chunk 97 with 1000000 rows form animelist.csv.
2025-10-09 11:46:12,914 - __main__ - INFO -Chunk 97 written to local file animelist.csv.
2025-10-09 11:46:19,023 - __main__ - INFO -Processed chunk 98 with 1000000 rows form animelist.csv.
2025-10-09 11:46:19,657 - __main__ - INFO -Chunk 98 written to local file animelist.csv.
2025-10-09 11:46:19,776 - __main__ - INFO -Processed chunk 99 with 1000000 rows form animelist.csv.
2025-10-09 11:46:20,293 - __main__ - INFO -Chunk 99 written to local file animelist.csv.
2025-10-09 11:46:26,393 - __main__ - INFO -Processed chunk 100 with 1000000 rows form animelist.csv.
2025-10-09 11:46:26,867 - __main__ - INFO -Chunk 100 written to local file animelist.csv.
2025-10-09 11:46:26,983 - __main__ - INFO -Processed chunk 101 with 1000000 rows form animelist.csv.
2025-10-09 11:46:27,455 - __main__ - INFO -Chunk 101 written to local file animelist.csv.
2025-10-09 11:46:34,478 - __main__ - INFO -Processed chunk 102 with 1000000 rows form animelist.csv.
2025-10-09 11:46:34,951 - __main__ - INFO -Chunk 102 written to local file animelist.csv.
2025-10-09 11:46:35,064 - __main__ - INFO -Processed chunk 103 with 1000000 rows form animelist.csv.
2025-10-09 11:46:35,536 - __main__ - INFO -Chunk 103 written to local file animelist.csv.
2025-10-09 11:46:41,639 - __main__ - INFO -Processed chunk 104 with 1000000 rows form animelist.csv.
2025-10-09 11:46:42,111 - __main__ - INFO -Chunk 104 written to local file animelist.csv.
2025-10-09 11:46:42,230 - __main__ - INFO -Processed chunk 105 with 1000000 rows form animelist.csv.
2025-10-09 11:46:42,720 - __main__ - INFO -Chunk 105 written to local file animelist.csv.
2025-10-09 11:46:42,836 - __main__ - INFO -Processed chunk 106 with 1000000 rows form animelist.csv.
2025-10-09 11:46:43,328 - __main__ - INFO -Chunk 106 written to local file animelist.csv.
2025-10-09 11:46:50,403 - __main__ - INFO -Processed chunk 107 with 1000000 rows form animelist.csv.
2025-10-09 11:46:50,895 - __main__ - INFO -Chunk 107 written to local file animelist.csv.
2025-10-09 11:46:51,014 - __main__ - INFO -Processed chunk 108 with 1000000 rows form animelist.csv.
2025-10-09 11:46:51,545 - __main__ - INFO -Chunk 108 written to local file animelist.csv.
2025-10-09 11:46:55,412 - __main__ - INFO -Processed chunk 109 with 1000000 rows form animelist.csv.
2025-10-09 11:46:55,902 - __main__ - INFO -Chunk 109 written to local file animelist.csv.
2025-10-09 11:46:56,723 - __main__ - INFO -Processed chunk 110 with 224747 rows form animelist.csv.
2025-10-09 11:46:56,835 - __main__ - INFO -Chunk 110 written to local file animelist.csv.
2025-10-09 11:46:56,835 - __main__ - INFO -Finished Streaming and processing all chunks for animelist.csv.
2025-10-09 11:46:56,835 - __main__ - INFO -Successfully Downloaded all chunks and saved to animelist.csv.
2025-10-09 11:46:56,836 - __main__ - INFO -Data Ingestion Process Done.
2025-10-09 11:53:39,023 - utils.common_function - INFO -Successfully read the yaml file.
2025-10-09 11:53:39,028 - __main__ - INFO -Data Ingestion initialized . Destination :artifacts/raw
2025-10-09 11:53:39,028 - __main__ - INFO -Starting Data Ingestion Process....
2025-10-09 11:53:39,028 - __main__ - INFO -Files to process: ['anime.csv', 'anime_with_synopsis.csv', 'animelist.csv']
2025-10-09 11:53:39,028 - __main__ - DEBUG -Processing file: anime.csv
2025-10-09 11:53:40,572 - __main__ - INFO -Blob metadata reloaded for anime.csv. Size: 5662362 bytes.
2025-10-09 11:53:40,572 - __main__ - INFO -File 'anime.csv' detected with size: 5.40 MB
2025-10-09 11:53:40,573 - __main__ - INFO -Downloading small file:anime.csv.....
2025-10-09 11:53:43,077 - __main__ - INFO -Successfully Downloaded anime.csv to artifacts/raw\anime.csv.
2025-10-09 11:53:43,078 - __main__ - DEBUG -Processing file: anime_with_synopsis.csv
2025-10-09 11:53:43,341 - __main__ - INFO -Blob metadata reloaded for anime_with_synopsis.csv. Size: 7221844 bytes.
2025-10-09 11:53:43,342 - __main__ - INFO -File 'anime_with_synopsis.csv' detected with size: 6.89 MB
2025-10-09 11:53:43,343 - __main__ - INFO -Downloading small file:anime_with_synopsis.csv.....
2025-10-09 11:53:46,595 - __main__ - INFO -Successfully Downloaded anime_with_synopsis.csv to artifacts/raw\anime_with_synopsis.csv.
2025-10-09 11:53:46,596 - __main__ - DEBUG -Processing file: animelist.csv
2025-10-09 11:53:46,855 - __main__ - INFO -Blob metadata reloaded for animelist.csv. Size: 2031058307 bytes.
2025-10-09 11:53:46,855 - __main__ - INFO -File 'animelist.csv' detected with size: 1936.97 MB
2025-10-09 11:53:46,855 - __main__ - INFO -Starting Chunked download for animelist.csv..........
2025-10-09 11:53:46,856 - __main__ - INFO -Starting chunked streaming for large file :animelist.csv........
2025-10-09 11:54:23,923 - __main__ - INFO -Processed chunk 1 with 10000000 rows form animelist.csv.
2025-10-09 11:54:28,831 - __main__ - INFO -Chunk 1 written to local file animelist.csv.
2025-10-09 11:54:57,819 - __main__ - INFO -Processed chunk 2 with 10000000 rows form animelist.csv.
2025-10-09 11:55:02,677 - __main__ - INFO -Chunk 2 written to local file animelist.csv.
2025-10-09 11:55:31,699 - __main__ - INFO -Processed chunk 3 with 10000000 rows form animelist.csv.
2025-10-09 11:55:36,604 - __main__ - INFO -Chunk 3 written to local file animelist.csv.
2025-10-09 11:56:12,685 - __main__ - INFO -Processed chunk 4 with 10000000 rows form animelist.csv.
2025-10-09 11:56:17,658 - __main__ - INFO -Chunk 4 written to local file animelist.csv.
2025-10-09 11:56:46,472 - __main__ - INFO -Processed chunk 5 with 10000000 rows form animelist.csv.
2025-10-09 11:56:51,391 - __main__ - INFO -Chunk 5 written to local file animelist.csv.
2025-10-09 11:57:26,877 - __main__ - INFO -Processed chunk 6 with 10000000 rows form animelist.csv.
2025-10-09 11:57:31,858 - __main__ - INFO -Chunk 6 written to local file animelist.csv.
2025-10-09 11:58:00,994 - __main__ - INFO -Processed chunk 7 with 10000000 rows form animelist.csv.
2025-10-09 11:58:05,936 - __main__ - INFO -Chunk 7 written to local file animelist.csv.
2025-10-09 11:58:41,420 - __main__ - INFO -Processed chunk 8 with 10000000 rows form animelist.csv.
2025-10-09 11:58:46,322 - __main__ - INFO -Chunk 8 written to local file animelist.csv.
2025-10-09 11:59:16,301 - __main__ - INFO -Processed chunk 9 with 10000000 rows form animelist.csv.
2025-10-09 11:59:21,230 - __main__ - INFO -Chunk 9 written to local file animelist.csv.
2025-10-09 11:59:56,874 - __main__ - INFO -Processed chunk 10 with 10000000 rows form animelist.csv.
2025-10-09 12:00:01,814 - __main__ - INFO -Chunk 10 written to local file animelist.csv.
2025-10-09 12:00:28,094 - __main__ - INFO -Processed chunk 11 with 9224747 rows form animelist.csv.
2025-10-09 12:00:32,584 - __main__ - INFO -Chunk 11 written to local file animelist.csv.
2025-10-09 12:00:32,584 - __main__ - INFO -Finished Streaming and processing all chunks for animelist.csv.
2025-10-09 12:00:32,584 - __main__ - INFO -Successfully Downloaded all chunks and saved to animelist.csv.
2025-10-09 12:00:32,584 - __main__ - INFO -Data Ingestion Process Done.
