2025-10-30 11:04:01,929 - __main__ - INFO -Data Preprocessing initialized. Input file: artifacts/processed\rating_df.csv, Output dir: artifacts/processed
2025-10-30 11:27:58,521 - __main__ - INFO -Data Preprocessing initialized. Input file: artifacts/processed\rating_df.csv, Output dir: artifacts/processed
2025-10-30 11:29:36,032 - __main__ - INFO -Data Preprocessing initialized. Input file: artifacts/raw/anime_list.csv, Output dir: artifacts/processed
2025-10-30 11:29:36,032 - __main__ - INFO -Starting Data Preprocessing...
2025-10-30 11:31:36,064 - __main__ - INFO -Data Preprocessing initialized. Input file: artifacts/raw/animelist.csv, Output dir: artifacts/processed
2025-10-30 11:31:36,064 - __main__ - INFO -Starting Data Preprocessing...
2025-10-30 11:31:51,714 - __main__ - INFO -Data loaded successfully from artifacts/raw/animelist.csv. Shape: (109224747, 3)
2025-10-30 11:31:54,090 - __main__ - INFO -Filtered users with at least 400 ratings. New shape: (71418114, 3)
2025-10-30 11:32:07,054 - __main__ - INFO -Scaled ratings to range [0, 1].
2025-10-30 11:32:08,513 - __main__ - INFO -Encoded user and anime IDs.
2025-10-30 11:40:26,653 - __main__ - INFO -Data Preprocessing initialized. Input file: artifacts/raw/animelist.csv, Output dir: artifacts/processed
2025-10-30 11:40:26,653 - __main__ - INFO -Starting Data Preprocessing...
2025-10-30 11:40:37,455 - __main__ - INFO -Data loaded successfully from artifacts/raw/animelist.csv. Shape: (109224747, 3)
2025-10-30 11:40:39,311 - __main__ - INFO -Filtered users with at least 400 ratings. New shape: (71418114, 3)
2025-10-30 11:40:52,000 - __main__ - INFO -Scaled ratings to range [0, 1].
2025-10-30 11:40:53,404 - __main__ - INFO -Encoded user and anime IDs.
2025-10-30 11:41:02,708 - __main__ - INFO -Split data into train and test sets. Train size: 71417114, Test size: 1000
2025-10-30 11:41:02,838 - __main__ - INFO -Saved artifact: user2user_encoded to artifacts/processed
2025-10-30 11:41:02,839 - __main__ - INFO -Data Preprocessing artifacts saved successfully.
2025-10-30 11:41:02,963 - __main__ - INFO -Saved artifact: user_encoded2user to artifacts/processed
2025-10-30 11:41:02,963 - __main__ - INFO -Data Preprocessing artifacts saved successfully.
2025-10-30 11:41:02,988 - __main__ - INFO -Saved artifact: anime2anime_encoded to artifacts/processed
2025-10-30 11:41:02,988 - __main__ - INFO -Data Preprocessing artifacts saved successfully.
2025-10-30 11:41:03,012 - __main__ - INFO -Saved artifact: anime_encoded2anime to artifacts/processed
2025-10-30 11:41:03,012 - __main__ - INFO -Data Preprocessing artifacts saved successfully.
2025-10-30 11:42:06,298 - __main__ - INFO -Saved processed data arrays and rating dataframe to artifacts/processed
2025-10-30 11:42:08,860 - __main__ - INFO -Anime and Synopsis data processed and saved successfully.In paths: artifacts/processed\anime_df.csv and artifacts/processed\synopsis_df.csv
2025-10-30 11:42:08,861 - __main__ - INFO -Data Preprocessing pipeline completed successfully.
2025-10-30 17:47:49,652 - utils.common_function - INFO -Successfully read the yaml file.
2025-10-30 17:50:19,919 - utils.common_function - INFO -Successfully read the yaml file.
2025-10-30 17:51:28,256 - utils.common_function - INFO -Successfully read the yaml file.
2025-10-30 17:52:41,811 - utils.common_function - INFO -Successfully read the yaml file.
2025-10-30 17:55:31,375 - utils.common_function - INFO -Successfully read the yaml file.
